<?xml version="1.0" encoding="UTF-8"?>
<testsuite xmlns:xsi="http://www.w3.org/2001/XMLSchema-instance" xsi:noNamespaceSchemaLocation="https://maven.apache.org/surefire/maven-surefire-plugin/xsd/surefire-test-report-3.0.xsd" version="3.0" name="MainTest" time="42.241" tests="3" errors="0" skipped="0" failures="0">
  <properties>
    <property name="java.specification.version" value="21"/>
    <property name="sun.cpu.isalist" value="amd64"/>
    <property name="sun.jnu.encoding" value="Cp1252"/>
    <property name="java.class.path" value="D:\teste dse\write-read-microchip-CI-PICKIT\target\test-classes;D:\teste dse\write-read-microchip-CI-PICKIT\target\classes;C:\Users\carlosrosa\.m2\repository\junit\junit\4.13.2\junit-4.13.2.jar;C:\Users\carlosrosa\.m2\repository\org\hamcrest\hamcrest-core\1.3\hamcrest-core-1.3.jar;"/>
    <property name="java.vm.vendor" value="Eclipse Adoptium"/>
    <property name="sun.arch.data.model" value="64"/>
    <property name="user.variant" value=""/>
    <property name="java.vendor.url" value="https://adoptium.net/"/>
    <property name="user.timezone" value="America/Sao_Paulo"/>
    <property name="os.name" value="Windows 11"/>
    <property name="java.vm.specification.version" value="21"/>
    <property name="sun.java.launcher" value="SUN_STANDARD"/>
    <property name="user.country" value="BR"/>
    <property name="sun.boot.library.path" value="C:\Program Files\Eclipse Adoptium\jdk-21.0.3+9\bin"/>
    <property name="sun.java.command" value="C:\Users\carlosrosa\AppData\Local\Temp\surefire13805401415895817391\surefirebooter-20250108160137968_3.jar C:\Users\carlosrosa\AppData\Local\Temp\surefire13805401415895817391 2025-01-08T16-01-37_826-jvmRun1 surefire-20250108160137968_1tmp surefire_0-20250108160137968_2tmp"/>
    <property name="jdk.debug" value="release"/>
    <property name="surefire.test.class.path" value="D:\teste dse\write-read-microchip-CI-PICKIT\target\test-classes;D:\teste dse\write-read-microchip-CI-PICKIT\target\classes;C:\Users\carlosrosa\.m2\repository\junit\junit\4.13.2\junit-4.13.2.jar;C:\Users\carlosrosa\.m2\repository\org\hamcrest\hamcrest-core\1.3\hamcrest-core-1.3.jar;"/>
    <property name="sun.cpu.endian" value="little"/>
    <property name="user.home" value="C:\Users\carlosrosa"/>
    <property name="user.language" value="pt"/>
    <property name="java.specification.vendor" value="Oracle Corporation"/>
    <property name="java.version.date" value="2024-04-16"/>
    <property name="java.home" value="C:\Program Files\Eclipse Adoptium\jdk-21.0.3+9"/>
    <property name="file.separator" value="\"/>
    <property name="basedir" value="D:\teste dse\write-read-microchip-CI-PICKIT"/>
    <property name="java.vm.compressedOopsMode" value="Zero based"/>
    <property name="line.separator" value="&#10;"/>
    <property name="java.vm.specification.vendor" value="Oracle Corporation"/>
    <property name="java.specification.name" value="Java Platform API Specification"/>
    <property name="surefire.real.class.path" value="C:\Users\carlosrosa\AppData\Local\Temp\surefire13805401415895817391\surefirebooter-20250108160137968_3.jar"/>
    <property name="user.script" value=""/>
    <property name="sun.management.compiler" value="HotSpot 64-Bit Tiered Compilers"/>
    <property name="java.runtime.version" value="21.0.3+9-LTS"/>
    <property name="user.name" value="carlosrosa"/>
    <property name="stdout.encoding" value="Cp1252"/>
    <property name="path.separator" value=";"/>
    <property name="os.version" value="10.0"/>
    <property name="java.runtime.name" value="OpenJDK Runtime Environment"/>
    <property name="file.encoding" value="UTF-8"/>
    <property name="java.vm.name" value="OpenJDK 64-Bit Server VM"/>
    <property name="java.vendor.version" value="Temurin-21.0.3+9"/>
    <property name="localRepository" value="C:\Users\carlosrosa\.m2\repository"/>
    <property name="java.vendor.url.bug" value="https://github.com/adoptium/adoptium-support/issues"/>
    <property name="java.io.tmpdir" value="C:\Users\CARLOS~2\AppData\Local\Temp\"/>
    <property name="java.version" value="21.0.3"/>
    <property name="user.dir" value="D:\teste dse\write-read-microchip-CI-PICKIT"/>
    <property name="os.arch" value="amd64"/>
    <property name="java.vm.specification.name" value="Java Virtual Machine Specification"/>
    <property name="sun.os.patch.level" value=""/>
    <property name="native.encoding" value="Cp1252"/>
    <property name="java.library.path" value="C:\Program Files\Eclipse Adoptium\jdk-21.0.3+9\bin;C:\WINDOWS\Sun\Java\bin;C:\WINDOWS\system32;C:\WINDOWS;C:\Users\carlosrosa\bin;C:\Program Files\Git\mingw64\bin;C:\Program Files\Git\usr\local\bin;C:\Program Files\Git\usr\bin;C:\Program Files\Git\usr\bin;C:\Program Files\Git\mingw64\bin;C:\Program Files\Git\usr\bin;C:\Users\carlosrosa\bin;C:\Program Files\Eclipse Adoptium\jdk-21.0.3+9\bin;C:\Program Files\Eclipse Adoptium\jdk-21.0.3+9\bin;D:\Falcon\MinGW\bin;C:\Program Files (x86)\Common Files\Oracle\Java\javapath;C:\WINDOWS\system32;C:\WINDOWS;C:\WINDOWS\System32\Wbem;C:\WINDOWS\System32\WindowsPowerShell\v1.0;C:\WINDOWS\System32\OpenSSH;C:\Program Files\TortoiseSVN\bin;C:\Program Files\nodejs;C:\ProgramData\chocolatey\bin;C:\Program Files\Apache\apache-maven-3.9.9\bin;C:\Program Files\Git\cmd;C:\Program Files\Eclipse Adoptium\jdk-21.0.3+9\bin;C:\Program Files\Eclipse Adoptium\jdk-21.0.3+9\bin;C:\Users\carlosrosa\AppData\Local\Programs\Python\Python311\Scripts;C:\Users\carlosrosa\AppData\Local\Programs\Python\Python311;C:\Users\carlosrosa\AppData\Local\Programs\Python\Python37-32;C:\Users\carlosrosa\AppData\Local\Programs\Python\Python37-32\Scripts;C:\Program Files\Eclipse Adoptium\jdk-21.0.3+9\bin;C:\Program Files\Eclipse Adoptium\jdk-21.0.3+9\bin;D:\Falcon\MinGW\bin;C:\Program Files (x86)\Common Files\Oracle\Java\javapath;C:\WINDOWS\system32;C:\WINDOWS;C:\WINDOWS\System32\Wbem;C:\WINDOWS\System32\WindowsPowerShell\v1.0;C:\WINDOWS\System32\OpenSSH;C:\Program Files\TortoiseSVN\bin;C:\Program Files\nodejs;C:\ProgramData\chocolatey\bin;C:\Program Files\Apache\apache-maven-3.9.9\bin;C:\Program Files\Git\cmd;D:\Microsoft VS Code\bin;C:\Program Files\JetBrains\IntelliJ IDEA Community Edition 2023.3.2\bin;C:\Intelbras\SGA 1000 V2\Intelbras\SGA\java\bin;C:\Users\carlosrosa\AppData\Roaming\npm;C:\Program Files\Apache\apache-maven-3.9.9\bin;C:\Users\carlosrosa\AppData\Local\Microsoft\WindowsApps;C:\Program Files\Git\usr\bin\vendor_perl;C:\Program Files\Git\usr\bin\core_perl;."/>
    <property name="java.vm.info" value="mixed mode, sharing"/>
    <property name="stderr.encoding" value="Cp1252"/>
    <property name="java.vendor" value="Eclipse Adoptium"/>
    <property name="java.vm.version" value="21.0.3+9-LTS"/>
    <property name="sun.io.unicode.encoding" value="UnicodeLittle"/>
    <property name="java.class.version" value="65.0"/>
  </properties>
  <testcase name="searchForPicKitTest" classname="MainTest" time="8.676"/>
  <testcase name="programICTest" classname="MainTest" time="24.497">
    <system-out><![CDATA[0 : DFP Version Used : PIC32MM-GPL-0XX_DFP,1.3.57,Microchip
0 : Selected Programming Tool Sno: 
0 : 020026702RYN030900
0 : *****************************************************
0 : 
0 : Connecting to MPLAB PICkit 5
0 : Currently loaded versions:
0 : Application version...........02.01.60
0 : Boot version..................00.00.10
0 : PCB version...................2
0 : Script version................00.07.19
0 : Script build number...........343401fe73
0 : Tool pack version ............2.4.366
0 : Target voltage detected
0 : Target device PIC32MM0064GPL036 found.
0 : Device Revision Id  = 0xB3
0 : Device Id = 0x6b16053
0 : *****************************************************
0 : Calculating memory ranges for operation...
0 : Erasing...
0 : The following memory area(s) will be programmed:
0 : program memory: start address = 0x1d000000, end address = 0x1d0057ff
0 : configuration memory
0 : boot config memory
0 : Programming/Verify complete
0 :  Program Report
0 : 2025-01-08, 16:02:10
0 : Device Type:PIC32MM0064GPL036
0 : Program Succeeded.
0 : Operation Succeeded
]]></system-out>
  </testcase>
  <testcase name="programICFailedTest" classname="MainTest" time="9.022">
    <system-out><![CDATA[0 : DFP Version Used : PIC32MM-GPL-0XX_DFP,1.3.57,Microchip
0 : Invalid Serial No.
]]></system-out>
  </testcase>
</testsuite>